2026-04-06 21:39:05,983 - INFO - Starting transcaction processing job!
2026-04-06 21:39:05,984 - INFO - Successfully processed transaction of $150.0
2026-04-06 21:39:05,984 - INFO - Successfully processed transaction of $20.5
2026-04-06 21:39:05,984 - ERROR - Invalid transaction amount: $-5.0. Data might be corrupted.
2026-04-06 21:39:05,984 - INFO - Successfully processed transaction of $99.99
2026-04-06 21:39:22,728 - INFO - Starting transcaction processing job!
2026-04-06 21:39:22,728 - INFO - Successfully processed transaction of $150.0
2026-04-06 21:39:22,728 - INFO - Successfully processed transaction of $20.5
2026-04-06 21:39:22,728 - ERROR - Invalid transaction amount: $-5.0. Data might be corrupted.
2026-04-06 21:39:22,728 - INFO - Successfully processed transaction of $99.99
2026-04-06 21:39:22,737 - INFO - Transaction processing job finished!
2026-04-07 19:09:08,776 - INFO - Starting transcaction processing job!
2026-04-07 19:09:08,777 - INFO - Successfully processed transaction of $150.0
2026-04-07 19:09:08,777 - INFO - Successfully processed transaction of $20.5
2026-04-07 19:09:08,777 - ERROR - Invalid transaction amount: $-5.0. Data might be corrupted.
2026-04-07 19:09:08,777 - INFO - Successfully processed transaction of $99.99
2026-04-07 19:09:08,777 - INFO - Transaction processing job finished!
2026-04-07 19:09:23,756 - INFO - Starting transcaction processing job!
2026-04-07 19:09:23,756 - INFO - Successfully processed transaction of $150.0
2026-04-07 19:09:23,756 - INFO - Successfully processed transaction of $20.5
2026-04-07 19:09:23,756 - ERROR - Invalid transaction amount: $-5.0. Data might be corrupted.
2026-04-07 19:09:23,756 - INFO - Successfully processed transaction of $99.99
2026-04-07 19:09:23,756 - INFO - Transaction processing job finished!
2026-04-07 19:12:52,847 - INFO - Starting transcaction processing job!
2026-04-07 19:12:52,848 - INFO - Successfully processed transaction of $150.0
2026-04-07 19:12:52,848 - INFO - Successfully processed transaction of $20.5
2026-04-07 19:12:52,848 - ERROR - Invalid transaction amount: $-5.0. Data might be corrupted.
2026-04-07 19:12:52,849 - INFO - Successfully processed transaction of $99.99
2026-04-07 19:12:52,849 - INFO - Transaction processing job finished!
2026-04-07 19:13:51,707 - INFO - Starting transaction processing job.
2026-04-07 19:13:51,707 - INFO - Successfully processed transaction of $150.0
2026-04-07 19:13:51,708 - INFO - Successfully processed transaction of $20.5
2026-04-07 19:13:51,708 - ERROR - Invalid transaction amount: $-5.0. Data might be corrupted.
2026-04-07 19:13:51,708 - WARNING - Received a $0.00 transaction. Ignoring.
2026-04-07 19:13:51,708 - INFO - Successfully processed transaction of $99.99
2026-04-07 19:13:51,708 - INFO - Transaction processing job finished.
